make all --print-data-base --no-builtin-variables --no-builtin-rules --question
# GNU Make 3.81
# Copyright (C) 2006  Free Software Foundation, Inc.
# This is free software; see the source for copying conditions.
# There is NO warranty; not even for MERCHANTABILITY or FITNESS FOR A
# PARTICULAR PURPOSE.

# This program built for i386-apple-darwin11.3.0

# Make data base, printed on Wed Jan 12 14:23:11 2022

# Variables

# automatic
<D = $(patsubst %/,%,$(dir $<))
# automatic
?F = $(notdir $?)
# environment
AWS_SECRET_ACCESS_KEY = ***
# environment
ELECTRON_NO_ATTACH_CONSOLE = 1
# environment
LC_CTYPE = UTF-8
# environment
VSCODE_LOG_NATIVE = false
# automatic
?D = $(patsubst %/,%,$(dir $?))
# environment
GRADLE_HOME = /usr/local/opt/gradle
# automatic
@D = $(patsubst %/,%,$(dir $@))
# automatic
@F = $(notdir $@)
# makefile
CURDIR := /Users/apple/workspace/go/src/github.com/gedw99/gio-transport
# makefile
SHELL = /bin/sh
# environment
VSCODE_NLS_CONFIG = {"locale":"en-gb","availableLanguages":{},"_languagePackSupport":true}
# environment
_ = /usr/bin/make
# environment
QT_DIR = /Users/apple/Qt
# environment
GITHUB_TOKEN = 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
# makefile
MAKEFILE_LIST := 
# environment
GO111MODULE = on
# environment
VSCODE_AMD_ENTRYPOINT = vs/workbench/services/extensions/node/extensionHostProcess
# environment
VSCODE_VERBOSE_LOGGING = true
# environment
DIGITALOCEAN_ACCESS_TOKEN = b25e6a923b11e6a4f18abad9850462d8020d02447f5c9661b73bbc0d31710c7d
# environment
__CFBundleIdentifier = com.microsoft.VSCode
# environment
GITHUB_ACCOUNT = gedw99@gmail.com
# environment
VSCODE_IPC_HOOK_EXTHOST = /var/folders/wp/ff6sz9qs6g71jnm12nj2kbyw0000gp/T/vscode-ipc-5e5cf723-d45a-4d99-942b-b818f68eca91.sock
# environment
AWS_DEFAULT_REGION = ***
# environment
VSCODE_CWD = /Users/apple/workspace/go/src/github.com/gedw99/gio-transport
# environment
GOPROXY = https://proxy.golang.org,direct
# environment
PATH = /usr/local/opt/go/libexec/bin:/Users/apple/.krew/bin:/Users/apple/.tiup/bin:/Users/apple/.cargo/bin:/Users/apple/google-cloud-sdk/bin:/usr/local/share/android-commandlinetools:/usr/local/opt/gradle/bin:/Library/Java/JavaVirtualMachines/temurin-8.jdk/Contents/Home/bin:/usr/local/opt/coreutils/libexec/gnubin:/usr/local/bin:/usr/bin:/bin:/usr/sbin:/sbin:/Library/TeX/texbin:/usr/local/go/bin:/usr/local/share/dotnet:/Library/Apple/usr/bin:/Library/Frameworks/Mono.framework/Versions/Current/Commands:/Users/apple/.local/bin:/Users/apple/workspace:/Users/apple/workspace/go/bin:/Users/apple/workspace/flutter/bin:/Users/apple/.pub-cache/bin:/opt/yarn-[version]/bin:/usr/local/bin:/Users/apple/.local/bin
# environment
GOROOT = /usr/local/opt/go/libexec
# environment
LSCOLORS = Gxfxcxdxbxegedabagacad
# environment
GOPATH = /Users/apple/workspace/go
# environment
LaunchInstanceID = BFCCB8B3-2CD9-48B4-93CC-9BB7B6E7891E
# environment
VSCODE_LOG_STACK = false
# environment
ELECTRON_RUN_AS_NODE = 1
# default
.FEATURES := target-specific order-only second-expansion else-if archives jobserver check-symlink
# environment
SSH_AUTH_SOCK = /private/tmp/com.apple.launchd.B95pLWNcr0/Listeners
# environment
QT_VERSION = 5.9
# automatic
%F = $(notdir $%)
# environment
ANDROID_SDK_HOME = /usr/local/share/android-commandlinetools
# environment
VSCODE_PIPE_LOGGING = true
# environment
PWD = /Users/apple/workspace/go/src/github.com/gedw99/gio-transport
# environment
ORIGINAL_XDG_CURRENT_DESKTOP = undefined
# environment
GOMODCACHE = /Users/apple/workspace/go/pkg/mod
# environment
HOME = /Users/apple
# default
MAKEFILEPATH := /Applications/Xcode.app/Contents/Developer/Makefiles
# environment
VSCODE_CLI = 1
# environment
VSCODE_CODE_CACHE_PATH = /Users/apple/Library/Application Support/Code/CachedData/899d46d82c4c95423fb7e10e68eba52050e30ba3
# environment
LOGNAME = apple
# environment
APPLICATION_INSIGHTS_NO_DIAGNOSTIC_CHANNEL = true
# environment
NVM_CD_FLAGS = -q
# environment
ZSH = /Users/apple/.oh-my-zsh
# environment
VSCODE_HANDLES_UNCAUGHT_ERRORS = true
# automatic
^D = $(patsubst %/,%,$(dir $^))
# environment
XPC_FLAGS = 0x0
# environment
COLORTERM = truecolor
# default
MAKE = $(MAKE_COMMAND)
# environment
LC_TERMINAL = iTerm2
# environment
ANDROID_NDK_HOME = /usr/local/share/android-ndk
# environment
SHLVL = 3
# environment
FLUTTER_ROOT = /Users/apple/workspace/flutter
# environment
JAVA_HOME = /Library/Java/JavaVirtualMachines/temurin-8.jdk/Contents/Home
# default
MAKE_VERSION := 3.81
# environment
USER = apple
# makefile
.DEFAULT_GOAL := 
# default
MAKECMDGOALS := all
# environment
TERM_SESSION_ID = w1t1p1:B58BF5BB-AE0D-4258-A382-0606C1E18185
# environment
LESS = -R
# automatic
%D = $(patsubst %/,%,$(dir $%))
# environment
AWS_ACCESS_KEY_ID = ***
# default
MAKE_COMMAND := /Applications/Xcode.app/Contents/Developer/usr/bin/make
# environment
TERM_PROGRAM = iTerm.app
# default
.VARIABLES := 
# environment
TMPDIR = /var/folders/wp/ff6sz9qs6g71jnm12nj2kbyw0000gp/T/
# automatic
*F = $(notdir $*)
# environment
VSCODE_IPC_HOOK = /Users/apple/Library/Application Support/Code/1.63.2-main.sock
# makefile
MAKEFLAGS = Rrqp
# environment
MFLAGS = -Rrqp
# automatic
*D = $(patsubst %/,%,$(dir $*))
# environment
TERM_PROGRAM_VERSION = 3.4.14
# environment
NVM_DIR = /Users/apple/.nvm
# environment
XPC_SERVICE_NAME = application.com.microsoft.VSCode.8809632626.8809632632.9B0F45A4-95CE-4946-B0A0-67A7066982FE
# environment
LC_TERMINAL_VERSION = 3.4.14
# automatic
+D = $(patsubst %/,%,$(dir $+))
# automatic
+F = $(notdir $+)
# environment
ITERM_SESSION_ID = w1t1p1:B58BF5BB-AE0D-4258-A382-0606C1E18185
# environment
COLORFGBG = 7;0
# environment
AWS_ACCOUNT = joeblew99@gmail.com
# environment
__CF_USER_TEXT_ENCODING = 0x1F6:0x0:0x0
# environment
COMMAND_MODE = unix2003
# default
MAKEFILES := 
# automatic
<F = $(notdir $<)
# environment
ITERM_PROFILE = Default
# environment
PAGER = less
# environment
ANDROID_SDK_ROOT = /usr/local/share/android-commandlinetools
# environment
LC_ALL = C
# environment
SECURITYSESSIONID = 188ed
# automatic
^F = $(notdir $^)
# default
SUFFIXES := 
# default
.INCLUDE_DIRS = /usr/local/include
# environment
MAKELEVEL := 0
# environment
LANG = C
# environment
TERM = xterm-256color
# environment
VSCODE_PID = 50005
# environment
NVM_RC_VERSION = 
# variable set hash-table stats:
# Load=104/1024=10%, Rehash=0, Collisions=7/125=6%

# Pattern-specific Variable Values

# No pattern-specific variable values.

# Directories

# . (device 16777220, inode 8815186692): 9 files, no impossibilities.

# 9 files, no impossibilities in 1 directories.

# Implicit Rules

# No implicit rules.

# Files

# Not a target:
all:
#  Command-line target.
#  Implicit rule search has been done.
#  File does not exist.
#  File has not been updated.
# variable set hash-table stats:
# Load=0/32=0%, Rehash=0, Collisions=0/0=0%

# Not a target:
.SUFFIXES:
#  Implicit rule search has not been done.
#  Modification time never checked.
#  File has not been updated.

# Not a target:
Makefile:
#  A default, MAKEFILES, or -include/sinclude makefile.
#  Implicit rule search has been done.
#  File does not exist.
#  File has been updated.
#  Failed to be updated.
# variable set hash-table stats:
# Load=0/32=0%, Rehash=0, Collisions=0/0=0%

# Not a target:
makefile:
#  A default, MAKEFILES, or -include/sinclude makefile.
#  Implicit rule search has been done.
#  File does not exist.
#  File has been updated.
#  Failed to be updated.
# variable set hash-table stats:
# Load=0/32=0%, Rehash=0, Collisions=0/0=0%

# Not a target:
.DEFAULT:
#  Implicit rule search has not been done.
#  Modification time never checked.
#  File has not been updated.

# Not a target:
GNUmakefile:
#  A default, MAKEFILES, or -include/sinclude makefile.
#  Implicit rule search has been done.
#  File does not exist.
#  File has been updated.
#  Failed to be updated.
# variable set hash-table stats:
# Load=0/32=0%, Rehash=0, Collisions=0/0=0%

# files hash-table stats:
# Load=6/1024=1%, Rehash=0, Collisions=0/17=0%
# VPATH Search Paths

# No `vpath' search paths.

# No general (`VPATH' variable) search path.

# # of strings in strcache: 0
# # of strcache buffers: 0
# strcache size: total = 0 / max = 0 / min = 4096 / avg = 0
# strcache free: total = 0 / max = 0 / min = 4096 / avg = 0

 
make: *** No rule to make target `all'.  Stop.
 
# Finished Make data base on Wed Jan 12 14:23:11 2022

 
